CRITICAL - 2022-04-08 20:11:01 --> syntax error, unexpected 'else' (T_ELSE), expecting function (T_FUNCTION) or const (T_CONST)
#0 D:\UKK\UKK-RPL2022\system\Autoloader\Autoloader.php(241): CodeIgniter\Autoloader\Autoloader->includeFile('D:\\UKK\\UKK-RPL2...')
#1 D:\UKK\UKK-RPL2022\system\Autoloader\Autoloader.php(219): CodeIgniter\Autoloader\Autoloader->loadInNamespace('App\\Models\\Cata...')
#2 [internal function]: CodeIgniter\Autoloader\Autoloader->loadClass('App\\Models\\Cata...')
#3 D:\UKK\UKK-RPL2022\app\Controllers\Catatanperjalanan.php(24): spl_autoload_call('App\\Models\\Cata...')
#4 D:\UKK\UKK-RPL2022\system\CodeIgniter.php(825): App\Controllers\CatatanPerjalanan->index()
#5 D:\UKK\UKK-RPL2022\system\CodeIgniter.php(412): CodeIgniter\CodeIgniter->runController(Object(App\Controllers\CatatanPerjalanan))
#6 D:\UKK\UKK-RPL2022\system\CodeIgniter.php(320): CodeIgniter\CodeIgniter->handleRequest(NULL, Object(Config\Cache), false)
#7 D:\UKK\UKK-RPL2022\public\index.php(37): CodeIgniter\CodeIgniter->run()
#8 D:\UKK\UKK-RPL2022\system\Commands\Server\rewrite.php(43): require_once('D:\\UKK\\UKK-RPL2...')
#9 {main}
CRITICAL - 2022-04-08 20:15:50 --> syntax error, unexpected 'else' (T_ELSE), expecting function (T_FUNCTION) or const (T_CONST)
#0 D:\UKK\UKK-RPL2022\system\Autoloader\Autoloader.php(241): CodeIgniter\Autoloader\Autoloader->includeFile('D:\\UKK\\UKK-RPL2...')
#1 D:\UKK\UKK-RPL2022\system\Autoloader\Autoloader.php(219): CodeIgniter\Autoloader\Autoloader->loadInNamespace('App\\Models\\Cata...')
#2 [internal function]: CodeIgniter\Autoloader\Autoloader->loadClass('App\\Models\\Cata...')
#3 D:\UKK\UKK-RPL2022\app\Controllers\Catatanperjalanan.php(24): spl_autoload_call('App\\Models\\Cata...')
#4 D:\UKK\UKK-RPL2022\system\CodeIgniter.php(825): App\Controllers\CatatanPerjalanan->index()
#5 D:\UKK\UKK-RPL2022\system\CodeIgniter.php(412): CodeIgniter\CodeIgniter->runController(Object(App\Controllers\CatatanPerjalanan))
#6 D:\UKK\UKK-RPL2022\system\CodeIgniter.php(320): CodeIgniter\CodeIgniter->handleRequest(NULL, Object(Config\Cache), false)
#7 D:\UKK\UKK-RPL2022\public\index.php(37): CodeIgniter\CodeIgniter->run()
#8 D:\UKK\UKK-RPL2022\system\Commands\Server\rewrite.php(43): require_once('D:\\UKK\\UKK-RPL2...')
#9 {main}
CRITICAL - 2022-04-08 20:16:53 --> syntax error, unexpected 'else' (T_ELSE), expecting function (T_FUNCTION) or const (T_CONST)
#0 D:\UKK\UKK-RPL2022\system\Autoloader\Autoloader.php(241): CodeIgniter\Autoloader\Autoloader->includeFile('D:\\UKK\\UKK-RPL2...')
#1 D:\UKK\UKK-RPL2022\system\Autoloader\Autoloader.php(219): CodeIgniter\Autoloader\Autoloader->loadInNamespace('App\\Models\\Cata...')
#2 [internal function]: CodeIgniter\Autoloader\Autoloader->loadClass('App\\Models\\Cata...')
#3 D:\UKK\UKK-RPL2022\app\Controllers\Catatanperjalanan.php(24): spl_autoload_call('App\\Models\\Cata...')
#4 D:\UKK\UKK-RPL2022\system\CodeIgniter.php(825): App\Controllers\CatatanPerjalanan->index()
#5 D:\UKK\UKK-RPL2022\system\CodeIgniter.php(412): CodeIgniter\CodeIgniter->runController(Object(App\Controllers\CatatanPerjalanan))
#6 D:\UKK\UKK-RPL2022\system\CodeIgniter.php(320): CodeIgniter\CodeIgniter->handleRequest(NULL, Object(Config\Cache), false)
#7 D:\UKK\UKK-RPL2022\public\index.php(37): CodeIgniter\CodeIgniter->run()
#8 D:\UKK\UKK-RPL2022\system\Commands\Server\rewrite.php(43): require_once('D:\\UKK\\UKK-RPL2...')
#9 {main}
CRITICAL - 2022-04-08 20:19:06 --> Too few arguments to function App\Controllers\CatatanPerjalanan::editdata(), 0 passed in D:\UKK\UKK-RPL2022\system\CodeIgniter.php on line 825 and exactly 1 expected
#0 D:\UKK\UKK-RPL2022\system\CodeIgniter.php(825): App\Controllers\CatatanPerjalanan->editdata()
#1 D:\UKK\UKK-RPL2022\system\CodeIgniter.php(412): CodeIgniter\CodeIgniter->runController(Object(App\Controllers\CatatanPerjalanan))
#2 D:\UKK\UKK-RPL2022\system\CodeIgniter.php(320): CodeIgniter\CodeIgniter->handleRequest(NULL, Object(Config\Cache), false)
#3 D:\UKK\UKK-RPL2022\public\index.php(37): CodeIgniter\CodeIgniter->run()
#4 D:\UKK\UKK-RPL2022\system\Commands\Server\rewrite.php(43): require_once('D:\\UKK\\UKK-RPL2...')
#5 {main}
